<?xml version="1.0" encoding="UTF-8"?>
<testng-results ignored="0" total="3" passed="3" failed="0" skipped="0">
  <reporter-output>
  </reporter-output>
  <suite started-at="2022-10-25T09:16:54 EET" name="All Test Suite" finished-at="2022-10-25T09:17:07 EET" duration-ms="12299">
    <groups>
      <group name="cucumber">
        <method signature="AbstractTestNGCucumberTests.runScenario(io.cucumber.testng.PickleWrapper,io.cucumber.testng.FeatureWrapper)[pri:0, instance:Challenge_Tests.NegativeLoginTest_20@7c137fd5]" name="runScenario" class="io.cucumber.testng.AbstractTestNGCucumberTests"/>
      </group> <!-- cucumber -->
    </groups>
    <test started-at="2022-10-25T09:16:54 EET" name="HeadlessMode" finished-at="2022-10-25T09:17:07 EET" duration-ms="12299">
      <class name="Challenge_Tests.NegativeLoginTest_20">
        <test-method is-config="true" signature="BeforeTest(java.lang.String,java.lang.String)[pri:0, instance:Challenge_Tests.NegativeLoginTest_20@7c137fd5]" started-at="2022-10-25T09:16:54 EET" name="BeforeTest" finished-at="2022-10-25T09:17:02 EET" duration-ms="8017" status="PASS">
          <params>
            <param index="0">
              <value>
                <![CDATA[Chrome_HeadLess]]>
              </value>
            </param>
            <param index="1">
              <value>
                <![CDATA[https://opensource-demo.orangehrmlive.com/web/index.php/auth/login]]>
              </value>
            </param>
          </params>
          <reporter-output>
          </reporter-output>
        </test-method> <!-- BeforeTest -->
        <test-method is-config="true" signature="setUpClass(org.testng.ITestContext)[pri:0, instance:Challenge_Tests.NegativeLoginTest_20@7c137fd5]" started-at="2022-10-25T09:17:02 EET" name="setUpClass" finished-at="2022-10-25T09:17:02 EET" duration-ms="88" status="PASS">
          <params>
            <param index="0">
              <value>
                <![CDATA[org.testng.TestRunner@54c425b1]]>
              </value>
            </param>
          </params>
          <reporter-output>
          </reporter-output>
        </test-method> <!-- setUpClass -->
        <test-method signature="NegativeLogin(java.lang.String,java.lang.String)[pri:0, instance:Challenge_Tests.NegativeLoginTest_20@7c137fd5]" started-at="2022-10-25T09:17:03 EET" name="NegativeLogin" data-provider="InValidData" finished-at="2022-10-25T09:17:03 EET" duration-ms="141" status="PASS">
          <params>
            <param index="0">
              <value>
                <![CDATA[Invalid]]>
              </value>
            </param>
            <param index="1">
              <value>
                <![CDATA[admin123]]>
              </value>
            </param>
          </params>
          <reporter-output>
          </reporter-output>
        </test-method> <!-- NegativeLogin -->
        <test-method is-config="true" signature="AfterMethod(org.testng.ITestResult)[pri:0, instance:Challenge_Tests.NegativeLoginTest_20@7c137fd5]" started-at="2022-10-25T09:17:03 EET" name="AfterMethod" finished-at="2022-10-25T09:17:04 EET" duration-ms="707" status="PASS">
          <params>
            <param index="0">
              <value>
                <![CDATA[[TestResult name=NegativeLogin status=SUCCESS method=NegativeLoginTest_20.NegativeLogin(java.lang.String,java.lang.String)[pri:0, instance:Challenge_Tests.NegativeLoginTest_20@7c137fd5] output={null}]]]>
              </value>
            </param>
          </params>
          <reporter-output>
          </reporter-output>
        </test-method> <!-- AfterMethod -->
        <test-method signature="NegativeLogin(java.lang.String,java.lang.String)[pri:0, instance:Challenge_Tests.NegativeLoginTest_20@7c137fd5]" started-at="2022-10-25T09:17:04 EET" name="NegativeLogin" data-provider="InValidData" finished-at="2022-10-25T09:17:04 EET" duration-ms="87" status="PASS">
          <params>
            <param index="0">
              <value>
                <![CDATA[Admin]]>
              </value>
            </param>
            <param index="1">
              <value>
                <![CDATA[Invalid]]>
              </value>
            </param>
          </params>
          <reporter-output>
          </reporter-output>
        </test-method> <!-- NegativeLogin -->
        <test-method is-config="true" signature="AfterMethod(org.testng.ITestResult)[pri:0, instance:Challenge_Tests.NegativeLoginTest_20@7c137fd5]" started-at="2022-10-25T09:17:04 EET" name="AfterMethod" finished-at="2022-10-25T09:17:05 EET" duration-ms="1005" status="PASS">
          <params>
            <param index="0">
              <value>
                <![CDATA[[TestResult name=NegativeLogin status=SUCCESS method=NegativeLoginTest_20.NegativeLogin(java.lang.String,java.lang.String)[pri:0, instance:Challenge_Tests.NegativeLoginTest_20@7c137fd5] output={null}]]]>
              </value>
            </param>
          </params>
          <reporter-output>
          </reporter-output>
        </test-method> <!-- AfterMethod -->
        <test-method signature="NegativeLogin(java.lang.String,java.lang.String)[pri:0, instance:Challenge_Tests.NegativeLoginTest_20@7c137fd5]" started-at="2022-10-25T09:17:05 EET" name="NegativeLogin" data-provider="InValidData" finished-at="2022-10-25T09:17:05 EET" duration-ms="86" status="PASS">
          <params>
            <param index="0">
              <value>
                <![CDATA[Invalid]]>
              </value>
            </param>
            <param index="1">
              <value>
                <![CDATA[Invalid]]>
              </value>
            </param>
          </params>
          <reporter-output>
          </reporter-output>
        </test-method> <!-- NegativeLogin -->
        <test-method is-config="true" signature="AfterMethod(org.testng.ITestResult)[pri:0, instance:Challenge_Tests.NegativeLoginTest_20@7c137fd5]" started-at="2022-10-25T09:17:05 EET" name="AfterMethod" finished-at="2022-10-25T09:17:06 EET" duration-ms="754" status="PASS">
          <params>
            <param index="0">
              <value>
                <![CDATA[[TestResult name=NegativeLogin status=SUCCESS method=NegativeLoginTest_20.NegativeLogin(java.lang.String,java.lang.String)[pri:0, instance:Challenge_Tests.NegativeLoginTest_20@7c137fd5] output={null}]]]>
              </value>
            </param>
          </params>
          <reporter-output>
          </reporter-output>
        </test-method> <!-- AfterMethod -->
        <test-method is-config="true" signature="tearDownClass()[pri:0, instance:Challenge_Tests.NegativeLoginTest_20@7c137fd5]" started-at="2022-10-25T09:17:06 EET" name="tearDownClass" finished-at="2022-10-25T09:17:06 EET" duration-ms="4" status="PASS">
          <reporter-output>
          </reporter-output>
        </test-method> <!-- tearDownClass -->
        <test-method is-config="true" signature="AfterTest()[pri:0, instance:Challenge_Tests.NegativeLoginTest_20@7c137fd5]" started-at="2022-10-25T09:17:06 EET" name="AfterTest" finished-at="2022-10-25T09:17:07 EET" duration-ms="966" status="PASS">
          <reporter-output>
          </reporter-output>
        </test-method> <!-- AfterTest -->
      </class> <!-- Challenge_Tests.NegativeLoginTest_20 -->
    </test> <!-- HeadlessMode -->
  </suite> <!-- All Test Suite -->
</testng-results>
