<?xml version="1.0" encoding="UTF-8"?>
<!-- Generated by org.testng.reporters.JUnitXMLReporter -->
<testsuite ignored="0" hostname="LPCAIQ1001" failures="0" tests="3" name="HeadlessMode" time="12.299" errors="0" timestamp="2022-10-25T09:17:07 EET">
  <testcase classname="Challenge_Tests.NegativeLoginTest_20" name="NegativeLogin" time="0.141"/>
  <testcase classname="Challenge_Tests.NegativeLoginTest_20" name="NegativeLogin" time="0.087"/>
  <testcase classname="Challenge_Tests.NegativeLoginTest_20" name="NegativeLogin" time="0.086"/>
</testsuite> <!-- HeadlessMode -->
